<?xml version="1.0" encoding="UTF-8"?>
<testng-results ignored="0" total="2" passed="2" failed="0" skipped="0">
  <reporter-output>
  </reporter-output>
  <suite started-at="2024-09-06T22:38:27 IST" name="Suite" finished-at="2024-09-06T22:38:43 IST" duration-ms="15149">
    <groups>
      <group name="Master">
        <method signature="TC_001_AccountRegistrationTest.verify_account_registeration()[pri:0, instance:testCases.TC_001_AccountRegistrationTest@3e8c3cb]" name="verify_account_registeration" class="testCases.TC_001_AccountRegistrationTest"/>
        <method signature="TC_002_LoginTest.verify_login_page()[pri:0, instance:testCases.TC_002_LoginTest@76b1e9b8]" name="verify_login_page" class="testCases.TC_002_LoginTest"/>
      </group> <!-- Master -->
      <group name="Sanity">
        <method signature="TC_002_LoginTest.verify_login_page()[pri:0, instance:testCases.TC_002_LoginTest@76b1e9b8]" name="verify_login_page" class="testCases.TC_002_LoginTest"/>
      </group> <!-- Sanity -->
      <group name="Regression">
        <method signature="TC_001_AccountRegistrationTest.verify_account_registeration()[pri:0, instance:testCases.TC_001_AccountRegistrationTest@3e8c3cb]" name="verify_account_registeration" class="testCases.TC_001_AccountRegistrationTest"/>
      </group> <!-- Regression -->
    </groups>
    <test started-at="2024-09-06T22:38:27 IST" name="Test" finished-at="2024-09-06T22:38:43 IST" duration-ms="15149">
      <class name="testCases.TC_001_AccountRegistrationTest">
        <test-method is-config="true" signature="setUp(java.lang.String,java.lang.String)[pri:0, instance:testCases.TC_001_AccountRegistrationTest@3e8c3cb]" started-at="2024-09-06T22:38:34 IST" name="setUp" finished-at="2024-09-06T22:38:37 IST" duration-ms="2406" status="PASS">
          <params>
            <param index="0">
              <value>
                <![CDATA[chrome]]>
              </value>
            </param>
            <param index="1">
              <value>
                <![CDATA[windows]]>
              </value>
            </param>
          </params>
          <reporter-output>
          </reporter-output>
        </test-method> <!-- setUp -->
        <test-method signature="verify_account_registeration()[pri:0, instance:testCases.TC_001_AccountRegistrationTest@3e8c3cb]" started-at="2024-09-06T22:38:37 IST" name="verify_account_registeration" finished-at="2024-09-06T22:38:42 IST" duration-ms="5837" status="PASS">
          <reporter-output>
          </reporter-output>
        </test-method> <!-- verify_account_registeration -->
        <test-method is-config="true" signature="tearDown()[pri:0, instance:testCases.TC_001_AccountRegistrationTest@3e8c3cb]" started-at="2024-09-06T22:38:42 IST" name="tearDown" finished-at="2024-09-06T22:38:43 IST" duration-ms="235" status="PASS">
          <reporter-output>
          </reporter-output>
        </test-method> <!-- tearDown -->
      </class> <!-- testCases.TC_001_AccountRegistrationTest -->
      <class name="testCases.TC_002_LoginTest">
        <test-method is-config="true" signature="setUp(java.lang.String,java.lang.String)[pri:0, instance:testCases.TC_002_LoginTest@76b1e9b8]" started-at="2024-09-06T22:38:28 IST" name="setUp" finished-at="2024-09-06T22:38:32 IST" duration-ms="4409" status="PASS">
          <params>
            <param index="0">
              <value>
                <![CDATA[chrome]]>
              </value>
            </param>
            <param index="1">
              <value>
                <![CDATA[windows]]>
              </value>
            </param>
          </params>
          <reporter-output>
          </reporter-output>
        </test-method> <!-- setUp -->
        <test-method signature="verify_login_page()[pri:0, instance:testCases.TC_002_LoginTest@76b1e9b8]" started-at="2024-09-06T22:38:32 IST" name="verify_login_page" finished-at="2024-09-06T22:38:34 IST" duration-ms="1453" status="PASS">
          <reporter-output>
          </reporter-output>
        </test-method> <!-- verify_login_page -->
        <test-method is-config="true" signature="tearDown()[pri:0, instance:testCases.TC_002_LoginTest@76b1e9b8]" started-at="2024-09-06T22:38:34 IST" name="tearDown" finished-at="2024-09-06T22:38:34 IST" duration-ms="246" status="PASS">
          <reporter-output>
          </reporter-output>
        </test-method> <!-- tearDown -->
      </class> <!-- testCases.TC_002_LoginTest -->
    </test> <!-- Test -->
  </suite> <!-- Suite -->
</testng-results>
